#
# There is insufficient memory for the Java Runtime Environment to continue.
# Native memory allocation (mmap) failed to map 134217728 bytes for G1 virtual space
# Possible reasons:
#   The system is out of physical RAM or swap space
#   The process is running with CompressedOops enabled, and the Java Heap may be blocking the growth of the native heap
# Possible solutions:
#   Reduce memory load on the system
#   Increase physical memory or swap space
#   Check if swap backing store is full
#   Decrease Java heap size (-Xmx/-Xms)
#   Decrease number of Java threads
#   Decrease Java thread stack sizes (-Xss)
#   Set larger code cache with -XX:ReservedCodeCacheSize=
#   JVM is running with Unscaled Compressed Oops mode in which the Java heap is
#     placed in the first 4GB address space. The Java Heap base address is the
#     maximum limit for the native heap growth. Please use -XX:HeapBaseMinAddress
#     to set the Java Heap base and to place the Java Heap above 4GB virtual address.
# This output file may be truncated or incomplete.
#
#  Out of Memory Error (os_windows.cpp:3600), pid=15940, tid=17900
#
# JRE version:  (21.0+35) (build )
# Java VM: OpenJDK 64-Bit Server VM (21+35-LTS, mixed mode, sharing, tiered, compressed oops, compressed class ptrs, g1 gc, windows-amd64)
# No core dump will be written. Minidumps are not enabled by default on client versions of Windows
#

---------------  S U M M A R Y ------------

Command Line: -Dclassworlds.conf=C:\apache-maven-3.9.0\bin\m2.conf -Dmaven.home=C:\apache-maven-3.9.0 -Dlibrary.jansi.path=C:\apache-maven-3.9.0\lib\jansi-native -Dmaven.multiModuleProjectDirectory=C:\Users\User\Desktop\ALM_Zain_BH_Financials org.codehaus.plexus.classworlds.launcher.Launcher spring-boot:run

Host: Intel(R) Core(TM) i5-6300U CPU @ 2.40GHz, 4 cores, 7G,  Windows 10 , 64 bit Build 19041 (10.0.19041.5678)
Time: Thu Apr 10 19:27:40 2025 E. Africa Standard Time elapsed time: 0.080357 seconds (0d 0h 0m 0s)

---------------  T H R E A D  ---------------

Current thread (0x0000023b08a71f00):  JavaThread "Unknown thread" [_thread_in_vm, id=17900, stack(0x000000532e300000,0x000000532e400000) (1024K)]

Stack: [0x000000532e300000,0x000000532e400000]
Native frames: (J=compiled Java code, j=interpreted, Vv=VM code, C=native code)
V  [jvm.dll+0x6d4ea9]
V  [jvm.dll+0x8b0263]
V  [jvm.dll+0x8b24de]
V  [jvm.dll+0x8b2bb3]
V  [jvm.dll+0x284cf6]
V  [jvm.dll+0x6d1675]
V  [jvm.dll+0x6c5daa]
V  [jvm.dll+0x35d82b]
V  [jvm.dll+0x3653d6]
V  [jvm.dll+0x3b67d6]
V  [jvm.dll+0x3b6aa8]
V  [jvm.dll+0x330f7c]
V  [jvm.dll+0x331c6b]
V  [jvm.dll+0x878409]
V  [jvm.dll+0x3c3b51]
V  [jvm.dll+0x861478]
V  [jvm.dll+0x45779e]
V  [jvm.dll+0x459271]
C  [jli.dll+0x52ab]
C  [ucrtbase.dll+0x21bb2]
C  [KERNEL32.DLL+0x17374]
C  [ntdll.dll+0x4cc91]


---------------  P R O C E S S  ---------------

Threads class SMR info:
_java_thread_list=0x00007ffb551cc088, length=0, elements={
}

Java Threads: ( => current thread )
Total: 0

Other Threads:
  0x0000023b0ab71c80 WorkerThread "GC Thread#0"                     [id=4476, stack(0x000000532e400000,0x000000532e500000) (1024K)]
  0x0000023b0ab837c0 ConcurrentGCThread "G1 Main Marker"            [id=16952, stack(0x000000532e500000,0x000000532e600000) (1024K)]
  0x0000023b0ab84380 WorkerThread "G1 Conc#0"                       [id=22876, stack(0x000000532e600000,0x000000532e700000) (1024K)]

[error occurred during error reporting (printing all threads), id 0xc0000005, EXCEPTION_ACCESS_VIOLATION (0xc0000005) at pc=0x00007ffb548d40d7]
VM state: not at safepoint (not fully initialized)

VM Mutex/Monitor currently owned by a thread:  ([mutex/lock_event])
[0x00007ffb5523fb08] Heap_lock - owner thread: 0x0000023b08a71f00

Heap address: 0x0000000081e00000, size: 2018 MB, Compressed Oops mode: 32-bit

CDS archive(s) mapped at: [0x0000000000000000-0x0000000000000000-0x0000000000000000), size 0, SharedBaseAddress: 0x0000000800000000, ArchiveRelocationMode: 1.
Narrow klass base: 0x0000000000000000, Narrow klass shift: 0, Narrow klass range: 0x0

GC Precious Log:
 CardTable entry size: 512
 Card Set container configuration: InlinePtr #cards 5 size 8 Array Of Cards #cards 12 size 40 Howl #buckets 4 coarsen threshold 1843 Howl Bitmap #cards 512 size 80 coarsen threshold 460 Card regions per heap region 1 cards per card region 2048

Heap:
 garbage-first heap   total 0K, used 0K [0x0000000081e00000, 0x0000000100000000)
  region size 1024K, 0 young (0K), 0 survivors (0K)

[error occurred during error reporting (printing heap information), id 0xc0000005, EXCEPTION_ACCESS_VIOLATION (0xc0000005) at pc=0x00007ffb54cbe019]
GC Heap History (0 events):
No events

Dll operation events (1 events):
Event: 0.047 Loaded shared library C:\Program Files\Microsoft\jdk-21.0.0.35-hotspot\bin\java.dll

Deoptimization events (0 events):
No events

Classes loaded (0 events):
No events

Classes unloaded (0 events):
No events

Classes redefined (0 events):
No events

Internal exceptions (0 events):
No events

ZGC Phase Switch (0 events):
No events

VM Operations (0 events):
No events

Events (0 events):
No events


Dynamic libraries:
0x00007ff7dade0000 - 0x00007ff7dadee000 	C:\Program Files\Microsoft\jdk-21.0.0.35-hotspot\bin\java.exe
0x00007ffb78430000 - 0x00007ffb78628000 	C:\Windows\SYSTEM32\ntdll.dll
0x00007ffb77ab0000 - 0x00007ffb77b72000 	C:\Windows\System32\KERNEL32.DLL
0x00007ffb75ab0000 - 0x00007ffb75da6000 	C:\Windows\System32\KERNELBASE.dll
0x00007ffb75e60000 - 0x00007ffb75f60000 	C:\Windows\System32\ucrtbase.dll
0x00007ffb6f220000 - 0x00007ffb6f238000 	C:\Program Files\Microsoft\jdk-21.0.0.35-hotspot\bin\jli.dll
0x00007ffb766d0000 - 0x00007ffb7686d000 	C:\Windows\System32\USER32.dll
0x00007ffb76270000 - 0x00007ffb76292000 	C:\Windows\System32\win32u.dll
0x00007ffb77a80000 - 0x00007ffb77aab000 	C:\Windows\System32\GDI32.dll
0x00007ffb76320000 - 0x00007ffb7643a000 	C:\Windows\System32\gdi32full.dll
0x00007ffb75f60000 - 0x00007ffb75ffd000 	C:\Windows\System32\msvcp_win.dll
0x00007ffb6f200000 - 0x00007ffb6f21b000 	C:\Program Files\Microsoft\jdk-21.0.0.35-hotspot\bin\VCRUNTIME140.dll
0x00007ffb5c0a0000 - 0x00007ffb5c33a000 	C:\Windows\WinSxS\amd64_microsoft.windows.common-controls_6595b64144ccf1df_6.0.19041.4355_none_60b8b9eb71f62e16\COMCTL32.dll
0x00007ffb77930000 - 0x00007ffb779ce000 	C:\Windows\System32\msvcrt.dll
0x00007ffb77a50000 - 0x00007ffb77a7f000 	C:\Windows\System32\IMM32.DLL
0x00007ffb6fa60000 - 0x00007ffb6fa6c000 	C:\Program Files\Microsoft\jdk-21.0.0.35-hotspot\bin\vcruntime140_1.dll
0x00007ffb51c50000 - 0x00007ffb51cdd000 	C:\Program Files\Microsoft\jdk-21.0.0.35-hotspot\bin\msvcp140.dll
0x00007ffb54590000 - 0x00007ffb5531f000 	C:\Program Files\Microsoft\jdk-21.0.0.35-hotspot\bin\server\jvm.dll
0x00007ffb76e40000 - 0x00007ffb76ef1000 	C:\Windows\System32\ADVAPI32.dll
0x00007ffb76460000 - 0x00007ffb764ff000 	C:\Windows\System32\sechost.dll
0x00007ffb776d0000 - 0x00007ffb777f3000 	C:\Windows\System32\RPCRT4.dll
0x00007ffb76000000 - 0x00007ffb76027000 	C:\Windows\System32\bcrypt.dll
0x00007ffb779e0000 - 0x00007ffb77a4b000 	C:\Windows\System32\WS2_32.dll
0x00007ffb75910000 - 0x00007ffb7595b000 	C:\Windows\SYSTEM32\POWRPROF.dll
0x00007ffb5c4c0000 - 0x00007ffb5c4e7000 	C:\Windows\SYSTEM32\WINMM.dll
0x00007ffb6b460000 - 0x00007ffb6b46a000 	C:\Windows\SYSTEM32\VERSION.dll
0x00007ffb758f0000 - 0x00007ffb75902000 	C:\Windows\SYSTEM32\UMPDC.dll
0x00007ffb742e0000 - 0x00007ffb742f2000 	C:\Windows\SYSTEM32\kernel.appcore.dll
0x00007ffb58530000 - 0x00007ffb5853a000 	C:\Program Files\Microsoft\jdk-21.0.0.35-hotspot\bin\jimage.dll
0x00007ffb6e7c0000 - 0x00007ffb6e9a4000 	C:\Windows\SYSTEM32\DBGHELP.DLL
0x00007ffb567d0000 - 0x00007ffb56804000 	C:\Windows\SYSTEM32\dbgcore.DLL
0x00007ffb761e0000 - 0x00007ffb76262000 	C:\Windows\System32\bcryptPrimitives.dll
0x00007ffb567b0000 - 0x00007ffb567cf000 	C:\Program Files\Microsoft\jdk-21.0.0.35-hotspot\bin\java.dll

dbghelp: loaded successfully - version: 4.0.5 - missing functions: none
symbol engine: initialized successfully - sym options: 0x614 - pdb path: .;C:\Program Files\Microsoft\jdk-21.0.0.35-hotspot\bin;C:\Windows\SYSTEM32;C:\Windows\WinSxS\amd64_microsoft.windows.common-controls_6595b64144ccf1df_6.0.19041.4355_none_60b8b9eb71f62e16;C:\Program Files\Microsoft\jdk-21.0.0.35-hotspot\bin\server

VM Arguments:
jvm_args: -Dclassworlds.conf=C:\apache-maven-3.9.0\bin\m2.conf -Dmaven.home=C:\apache-maven-3.9.0 -Dlibrary.jansi.path=C:\apache-maven-3.9.0\lib\jansi-native -Dmaven.multiModuleProjectDirectory=C:\Users\User\Desktop\ALM_Zain_BH_Financials 
java_command: org.codehaus.plexus.classworlds.launcher.Launcher spring-boot:run
java_class_path (initial): C:\apache-maven-3.9.0\boot\plexus-classworlds-2.6.0.jar
Launcher Type: SUN_STANDARD

[Global flags]
     intx CICompilerCount                          = 3                                         {product} {ergonomic}
     uint ConcGCThreads                            = 1                                         {product} {ergonomic}
     uint G1ConcRefinementThreads                  = 4                                         {product} {ergonomic}
   size_t G1HeapRegionSize                         = 1048576                                   {product} {ergonomic}
    uintx GCDrainStackTargetSize                   = 64                                        {product} {ergonomic}
   size_t InitialHeapSize                          = 134217728                                 {product} {ergonomic}
   size_t MarkStackSize                            = 4194304                                   {product} {ergonomic}
   size_t MaxHeapSize                              = 2116026368                                {product} {ergonomic}
   size_t MinHeapDeltaBytes                        = 1048576                                   {product} {ergonomic}
   size_t MinHeapSize                              = 8388608                                   {product} {ergonomic}
    uintx NonNMethodCodeHeapSize                   = 5832780                                {pd product} {ergonomic}
    uintx NonProfiledCodeHeapSize                  = 122912730                              {pd product} {ergonomic}
    uintx ProfiledCodeHeapSize                     = 122912730                              {pd product} {ergonomic}
    uintx ReservedCodeCacheSize                    = 251658240                              {pd product} {ergonomic}
     bool SegmentedCodeCache                       = true                                      {product} {ergonomic}
   size_t SoftMaxHeapSize                          = 2116026368                             {manageable} {ergonomic}
     bool UseCompressedOops                        = true                           {product lp64_product} {ergonomic}
     bool UseG1GC                                  = true                                      {product} {ergonomic}
     bool UseLargePagesIndividualAllocation        = false                                  {pd product} {ergonomic}

Logging:
Log output configuration:
 #0: stdout all=warning uptime,level,tags foldmultilines=false
 #1: stderr all=off uptime,level,tags foldmultilines=false

Environment Variables:
JAVA_HOME=C:\Program Files\Microsoft\jdk-21.0.0.35-hotspot\
CLASSPATH=C:\Program Files\Java\jdk-17\bin\*.jar
PATH=C:\Program Files (x86)\VMware\VMware Workstation\bin\;C:\Python312\Scripts\;C:\Python312\;C:\Program Files\Microsoft\jdk-21.0.0.35-hotspot\bin;C:\Program Files\Amazon Corretto\jdk17.0.8_8\bin;C:\Program Files\Microsoft\jdk-17.0.8.101-hotspot\bin;C:\Program Files\FDR;C:\Python311\Scripts\;C:\Python311\;C:\Program Files\Common Files\Oracle\Java\javapath;C:\Windows\system32;C:\Windows;C:\Windows\System32\Wbem;C:\Windows\System32\WindowsPowerShell\v1.0\;C:\OpenSSL-Win64\bin;C:\apache-maven-3.9.0\bin;C:\ProgramData\chocolatey\bin;C:\Program Files (x86)\Intel\Intel(R) Management Engine Components\DAL;C:\Program Files\Intel\Intel(R) Management Engine Components\DAL;C:\Program Files\FDR;C:\mingw-w64-v11.0.0;C:\mingw-w64-v11.0.0\mingw-w64-libraries;C:\mingw64;C:\mingw64\bin;C:\Program Files\Java\jdk-17\bin;C:\Program Files\dotnet\;C:\Program Files\CMake\bin;C:\Users\User\miniconda3;C:\Windows\System32\OpenSSH\;C:\Program Files\Cppcheck;C:\Program Files\MongoDB\Server\7.0\bin;C:\Users\User\AppData\Roaming\nvm;C:\Program Files\nodejs;C:\Program Files\MongoDB\Server\5.0\bin\mongod;C:\Program Files\MongoDB\Server\5.0\bin;C:\Users\User\Downloads\PEiD;C:\Users\User\Downloads\floss-v3.0.1-windows;C:\Users\User\AppData\Local\Programs\Python\Python310;C:\Users\User\AppData\Local\Programs\Python\Python310\Scripts;C:\Program Files\PostgreSQL\16\bin;C:\Program Files (x86)\php-8.3.11;C:\composer;C:\gradle-8.10.1\bin;C:\Program Files (x86)\odoo\server;C:\Program Files\MySQL\MySQL Server 9.1\bin;C:\flutter\src\flutter\bin;C:\Program Files\Git\cmd;C:\Users\User\AppData\Local\Android\Sdk\platform-tools;C:\xampp\mysql\bin;C:\Progra;C:\ProgramData\chocolatey\lib\yara\tools;C:\Users\User\AppData\Local\Programs\Microsoft VS Code\bin
USERNAME=Gilian
OS=Windows_NT
PROCESSOR_IDENTIFIER=Intel64 Family 6 Model 78 Stepping 3, GenuineIntel
TMP=C:\Users\User\AppData\Local\Temp
TEMP=C:\Users\User\AppData\Local\Temp




---------------  S Y S T E M  ---------------

OS:
 Windows 10 , 64 bit Build 19041 (10.0.19041.5678)
OS uptime: 2 days 2:06 hours
Hyper-V role detected

CPU: total 4 (initial active 4) (2 cores per cpu, 2 threads per core) family 6 model 78 stepping 3 microcode 0xf0, cx8, cmov, fxsr, ht, mmx, 3dnowpref, sse, sse2, sse3, ssse3, sse4.1, sse4.2, popcnt, lzcnt, tsc, tscinvbit, avx, avx2, aes, erms, clmul, bmi1, bmi2, rtm, adx, fma, vzeroupper, clflush, clflushopt, hv, rdtscp, f16c
Processor Information for all 4 processors :
  Max Mhz: 2496, Current Mhz: 2396, Mhz Limit: 2396

Memory: 4k page, system-wide physical 8070M (402M free)
TotalPageFile size 25070M (AvailPageFile size 128M)
current process WorkingSet (physical memory assigned to process): 10M, peak: 10M
current process commit charge ("private bytes"): 52M, peak: 179M

vm_info: OpenJDK 64-Bit Server VM (21+35-LTS) for windows-amd64 JRE (21+35-LTS), built on 2023-09-21T00:34:33Z by "MicrosoftCorporation" with MS VC++ 16.10 / 16.11 (VS2019)

END.
